[+] Containers:
 |- [+] Container: /Game/LevelPrototyping/SceneTransition
 |   |- [+] ActorDescs:
 |   |   |- Guid:0300CE164C76EC38B4B85D83A7924612 BaseClass: NativeClass:/Script/Engine.DirectionalLight Name:DirectionalLight_0 Label:DirectionalLight SpatiallyLoaded:0 Bounds:IsValid=true, Min=(X=-4398046511104.000 Y=-4398046511104.000 Z=-4398046511104.000), Max=(X=4398046511104.000 Y=4398046511104.000 Z=4398046511104.000) RuntimeGrid:None EditorOnly:0 RuntimeOnly:0 HLODRelevant:0 FolderPath:Lighting FolderGuid:963EC3EB4002CCE9759E2EBA541A873A
 |   |   |- Guid:06A933F24FCE192912D2BC9371754586 BaseClass: NativeClass:/Script/Landscape.LandscapeStreamingProxy Name:LandscapeStreamingProxy_9DO9RB8YPIOTHLKI0D19Y7PTK_14_2_3_0 Label:LandscapeStreamingProxy_2_3_0 SpatiallyLoaded:1 Bounds:IsValid=true, Min=(X=990.000 Y=1495.000 Z=-8.000), Max=(X=2390.000 Y=2895.000 Z=8.000) RuntimeGrid:None EditorOnly:0 RuntimeOnly:0 HLODRelevant:1
 |   |   |- Guid:06F12DAB4979501464C2BFBA6651CF54 BaseClass: NativeClass:/Script/Engine.VolumetricCloud Name:VolumetricCloud_0 Label:VolumetricCloud SpatiallyLoaded:0 Bounds:IsValid=true, Min=(X=0.000 Y=0.000 Z=820.000), Max=(X=0.000 Y=0.000 Z=820.000) RuntimeGrid:None EditorOnly:0 RuntimeOnly:0 HLODRelevant:0 FolderPath:Lighting FolderGuid:963EC3EB4002CCE9759E2EBA541A873A
 |   |   |- Guid:08FA3C604C8190335CEEB48358D0DF9F BaseClass: NativeClass:/Script/Landscape.LandscapeStreamingProxy Name:LandscapeStreamingProxy_9DO9RB8YPIOTHLKI0D19Y7PTK_14_0_3_0 Label:LandscapeStreamingProxy_0_3_0 SpatiallyLoaded:1 Bounds:IsValid=true, Min=(X=-1810.000 Y=1495.000 Z=-8.000), Max=(X=-410.000 Y=2895.000 Z=8.000) RuntimeGrid:None EditorOnly:0 RuntimeOnly:0 HLODRelevant:1
 |   |   |- Guid:0F2FFD4B40A639F4DF9E01B4F393B4AB BaseClass:/Game/LevelPrototyping/BP_Gem1.BP_Gem1_C NativeClass:/Script/Engine.Actor Name:BP_Gem1_C_UAID_A44CC85A71DBB3EF01_1426044243 Label:BP_Gem1 SpatiallyLoaded:1 Bounds:IsValid=true, Min=(X=-142.674 Y=-411.981 Z=102.968), Max=(X=-7.326 Y=-258.019 Z=207.032) RuntimeGrid:None EditorOnly:0 RuntimeOnly:0 HLODRelevant:0
 |   |   |- Guid:127187B247E101FA46E571B1A5656C63 BaseClass: NativeClass:/Script/Landscape.LandscapeStreamingProxy Name:LandscapeStreamingProxy_9DO9RB8YPIOTHLKI0D19Y7PTK_14_2_2_0 Label:LandscapeStreamingProxy_2_2_0 SpatiallyLoaded:1 Bounds:IsValid=true, Min=(X=990.000 Y=95.000 Z=-8.000), Max=(X=2390.000 Y=1495.000 Z=8.000) RuntimeGrid:None EditorOnly:0 RuntimeOnly:0 HLODRelevant:1
 |   |   |- Guid:192A883A4ABBF7455A74D8BF0D7AF20A BaseClass:/Game/ThirdPerson/Blueprints/BP_ThirdPersonCharacter.BP_ThirdPersonCharacter_C NativeClass:/Script/Engine.Character Name:BP_ThirdPersonCharacter_C_UAID_8C04BA9A234916DC01_1965204354 Label:BP_ThirdPersonCharacter4 SpatiallyLoaded:1 Bounds:IsValid=true, Min=(X=-175.000 Y=165.000 Z=48.224), Max=(X=330.000 Y=325.000 Z=260.000) RuntimeGrid:None EditorOnly:0 RuntimeOnly:0 HLODRelevant:0
 |   |   |- Guid:2E133F0945D408B12D4013AAC1271341 BaseClass: NativeClass:/Script/Landscape.LandscapeStreamingProxy Name:LandscapeStreamingProxy_9DO9RB8YPIOTHLKI0D19Y7PTK_14_0_0_0 Label:LandscapeStreamingProxy_0_0_0 SpatiallyLoaded:1 Bounds:IsValid=true, Min=(X=-1810.000 Y=-2705.000 Z=-8.000), Max=(X=-410.000 Y=-1305.000 Z=8.000) RuntimeGrid:None EditorOnly:0 RuntimeOnly:0 HLODRelevant:1
 |   |   |- Guid:2E43F9D34F5DD9FA697DF58B26743014 BaseClass: NativeClass:/Script/Landscape.LandscapeStreamingProxy Name:LandscapeStreamingProxy_9DO9RB8YPIOTHLKI0D19Y7PTK_14_0_1_0 Label:LandscapeStreamingProxy_0_1_0 SpatiallyLoaded:1 Bounds:IsValid=true, Min=(X=-1810.000 Y=-1305.000 Z=-8.000), Max=(X=-410.000 Y=95.000 Z=8.000) RuntimeGrid:None EditorOnly:0 RuntimeOnly:0 HLODRelevant:1
 |   |   |- Guid:30F2F37E46B742993159A780CBD1A0E8 BaseClass: NativeClass:/Script/Engine.CameraActor Name:CameraActor_UAID_8C04BA9A234916DC01_2011704355 Label:CameraActor SpatiallyLoaded:1 Bounds:IsValid=true, Min=(X=-1232.898 Y=-21.424 Z=1097.919), Max=(X=-1232.898 Y=-21.424 Z=1097.919) RuntimeGrid:None EditorOnly:0 RuntimeOnly:0 HLODRelevant:0
 |   |   |- Guid:4511128546A7B628147B7AB1FD93BEED BaseClass: NativeClass:/Script/Landscape.LandscapeStreamingProxy Name:LandscapeStreamingProxy_9DO9RB8YPIOTHLKI0D19Y7PTK_14_1_3_0 Label:LandscapeStreamingProxy_1_3_0 SpatiallyLoaded:1 Bounds:IsValid=true, Min=(X=-410.000 Y=1495.000 Z=-8.000), Max=(X=990.000 Y=2895.000 Z=8.000) RuntimeGrid:None EditorOnly:0 RuntimeOnly:0 HLODRelevant:1
 |   |   |- Guid:4B3A2D494818ED7A416BA1A8B06873E7 BaseClass:/Game/LevelPrototyping/BP_SceneTransition.BP_SceneTransition_C NativeClass:/Script/Engine.Actor Name:BP_SceneTransition_C_UAID_A44CC85A71DBF6EE01_1130469783 Label:BP_SceneTransition SpatiallyLoaded:1 Bounds:IsValid=true, Min=(X=-1120.000 Y=-1252.000 Z=-1152.000), Max=(X=1120.000 Y=1052.000 Z=1152.000) RuntimeGrid:None EditorOnly:0 RuntimeOnly:0 HLODRelevant:0
 |   |   |- Guid:4C1A43FE4BA8C6A1E94E44921435D70F BaseClass: NativeClass:/Script/Landscape.LandscapeStreamingProxy Name:LandscapeStreamingProxy_9DO9RB8YPIOTHLKI0D19Y7PTK_14_2_1_0 Label:LandscapeStreamingProxy_2_1_0 SpatiallyLoaded:1 Bounds:IsValid=true, Min=(X=990.000 Y=-1305.000 Z=-8.000), Max=(X=2390.000 Y=95.000 Z=8.000) RuntimeGrid:None EditorOnly:0 RuntimeOnly:0 HLODRelevant:1
 |   |   |- Guid:4DFC1D5A47E5EAA71F1F09AE61077A8E BaseClass: NativeClass:/Script/Landscape.LandscapeStreamingProxy Name:LandscapeStreamingProxy_9DO9RB8YPIOTHLKI0D19Y7PTK_14_1_0_0 Label:LandscapeStreamingProxy_1_0_0 SpatiallyLoaded:1 Bounds:IsValid=true, Min=(X=-410.000 Y=-2705.000 Z=-8.000), Max=(X=990.000 Y=-1305.000 Z=8.000) RuntimeGrid:None EditorOnly:0 RuntimeOnly:0 HLODRelevant:1
 |   |   |- Guid:5C72C8914D09F95A4BAF1A83898E1838 BaseClass:/Game/Horse/NewBlueprint.NewBlueprint_C NativeClass:/Script/Engine.Character Name:NewBlueprint_C_UAID_08BFB82D531D62EE01_1245764736 Label:NewBlueprint SpatiallyLoaded:1 Bounds:IsValid=true, Min=(X=1.000 Y=-10.000 Z=130.458), Max=(X=96.290 Y=100.000 Z=414.000) RuntimeGrid:None EditorOnly:0 RuntimeOnly:0 HLODRelevant:0
 |   |   |- Guid:5EE1F3EC46C6424BCBF3EA92D78230C6 BaseClass: NativeClass:/Script/Landscape.LandscapeStreamingProxy Name:LandscapeStreamingProxy_9DO9RB8YPIOTHLKI0D19Y7PTK_14_3_1_0 Label:LandscapeStreamingProxy_3_1_0 SpatiallyLoaded:1 Bounds:IsValid=true, Min=(X=2390.000 Y=-1305.000 Z=-8.000), Max=(X=3790.000 Y=95.000 Z=8.000) RuntimeGrid:None EditorOnly:0 RuntimeOnly:0 HLODRelevant:1
 |   |   |- Guid:6627AA8E457AA28C56CC10A0326B30D0 BaseClass: NativeClass:/Script/Engine.ExponentialHeightFog Name:ExponentialHeightFog_0 Label:ExponentialHeightFog SpatiallyLoaded:0 Bounds:IsValid=true, Min=(X=-5600.000 Y=-50.000 Z=-6850.000), Max=(X=-5600.000 Y=-50.000 Z=-6850.000) RuntimeGrid:None EditorOnly:0 RuntimeOnly:0 HLODRelevant:0 FolderPath:Lighting FolderGuid:963EC3EB4002CCE9759E2EBA541A873A
 |   |   |- Guid:6C237D2E44F89E2B54CCAEB26919C29F BaseClass: NativeClass:/Script/Engine.WorldDataLayers Name:WorldDataLayers Label:WorldDataLayers SpatiallyLoaded:0 Bounds:IsValid=true, Min=(X=0.000 Y=0.000 Z=0.000), Max=(X=0.000 Y=0.000 Z=0.000) RuntimeGrid:None EditorOnly:0 RuntimeOnly:0 HLODRelevant:0
 |   |   |- Guid:6DFD5A0D4D8F3B89BE0494AB9F146ABA BaseClass:/Game/ThirdPerson/Blueprints/BP_ThirdPersonCharacter.BP_ThirdPersonCharacter_C NativeClass:/Script/Engine.Character Name:BP_ThirdPersonCharacter_C_UAID_8C04BA9A234916DC01_1962718353 Label:BP_ThirdPersonCharacter3 SpatiallyLoaded:1 Bounds:IsValid=true, Min=(X=-175.000 Y=65.000 Z=48.224), Max=(X=330.000 Y=225.000 Z=260.000) RuntimeGrid:None EditorOnly:0 RuntimeOnly:0 HLODRelevant:0
 |   |   |- Guid:8F5A7C6E44148713BB4970A4CAA3C6B5 BaseClass:/Game/ThirdPerson/Blueprints/BP_ThirdPersonCharacter.BP_ThirdPersonCharacter_C NativeClass:/Script/Engine.Character Name:BP_ThirdPersonCharacter_C_UAID_8C04BA9A234916DC01_1956363351 Label:BP_ThirdPersonCharacter SpatiallyLoaded:1 Bounds:IsValid=true, Min=(X=-175.000 Y=-155.000 Z=49.034), Max=(X=330.000 Y=5.000 Z=260.000) RuntimeGrid:None EditorOnly:0 RuntimeOnly:0 HLODRelevant:0
 |   |   |- Guid:9682D7C840AECD404C08479AE83024B7 BaseClass: NativeClass:/Script/Engine.PostProcessVolume Name:PostProcessVolume_0 Label:PostProcessVolume SpatiallyLoaded:0 Bounds:IsValid=true, Min=(X=0.000 Y=0.000 Z=400.000), Max=(X=200.000 Y=200.000 Z=600.000) RuntimeGrid:None EditorOnly:0 RuntimeOnly:0 HLODRelevant:0 FolderPath:Lighting FolderGuid:963EC3EB4002CCE9759E2EBA541A873A
 |   |   |- Guid:9B65FAF048ADD68B5F7867BB0D2FC907 BaseClass: NativeClass:/Script/Landscape.LandscapeStreamingProxy Name:LandscapeStreamingProxy_9DO9RB8YPIOTHLKI0D19Y7PTK_14_1_2_0 Label:LandscapeStreamingProxy_1_2_0 SpatiallyLoaded:1 Bounds:IsValid=true, Min=(X=-410.000 Y=95.000 Z=-8.000), Max=(X=990.000 Y=1495.000 Z=8.000) RuntimeGrid:None EditorOnly:0 RuntimeOnly:0 HLODRelevant:1
 |   |   |- Guid:A341E1FF4D6D5502DDFBB890C2623EB7 BaseClass: NativeClass:/Script/Engine.TextRenderActor Name:TextRenderActor_1 Label:TextRenderActor SpatiallyLoaded:1 Bounds:IsValid=true, Min=(X=-0.100 Y=1100.000 Z=65.013), Max=(X=-0.100 Y=2392.308 Z=215.013) RuntimeGrid:None EditorOnly:0 RuntimeOnly:0 HLODRelevant:0
 |   |   |- Guid:AC675ADC46678FB88A63E18919C041F8 BaseClass: NativeClass:/Script/Landscape.LandscapeStreamingProxy Name:LandscapeStreamingProxy_9DO9RB8YPIOTHLKI0D19Y7PTK_14_2_0_0 Label:LandscapeStreamingProxy_2_0_0 SpatiallyLoaded:1 Bounds:IsValid=true, Min=(X=990.000 Y=-2705.000 Z=-8.000), Max=(X=2390.000 Y=-1305.000 Z=8.000) RuntimeGrid:None EditorOnly:0 RuntimeOnly:0 HLODRelevant:1
 |   |   |- Guid:B666967F439EDEC44FFC28A8FAD1D2CF BaseClass:/Game/Horse/NewBlueprint.NewBlueprint_C NativeClass:/Script/Engine.Character Name:NewBlueprint_C_UAID_08BFB82D531D62EE01_1615381737 Label:NewBlueprint2 SpatiallyLoaded:1 Bounds:IsValid=true, Min=(X=56.000 Y=140.000 Z=45.458), Max=(X=151.290 Y=250.000 Z=332.000) RuntimeGrid:None EditorOnly:0 RuntimeOnly:0 HLODRelevant:0
 |   |   |- Guid:BEFE230B44BF514AB078BD849FBCF35D BaseClass: NativeClass:/Script/Landscape.LandscapeStreamingProxy Name:LandscapeStreamingProxy_9DO9RB8YPIOTHLKI0D19Y7PTK_14_3_2_0 Label:LandscapeStreamingProxy_3_2_0 SpatiallyLoaded:1 Bounds:IsValid=true, Min=(X=2390.000 Y=95.000 Z=-8.000), Max=(X=3790.000 Y=1495.000 Z=8.000) RuntimeGrid:None EditorOnly:0 RuntimeOnly:0 HLODRelevant:1
 |   |   |- Guid:C131BE54451F6DDF3145C3BE8A10800E BaseClass: NativeClass:/Script/Landscape.LandscapeStreamingProxy Name:LandscapeStreamingProxy_9DO9RB8YPIOTHLKI0D19Y7PTK_14_3_3_0 Label:LandscapeStreamingProxy_3_3_0 SpatiallyLoaded:1 Bounds:IsValid=true, Min=(X=2390.000 Y=1495.000 Z=-8.000), Max=(X=3790.000 Y=2895.000 Z=8.000) RuntimeGrid:None EditorOnly:0 RuntimeOnly:0 HLODRelevant:1
 |   |   |- Guid:D17EF409415B074D4B9FBE994A05A89E BaseClass:/Game/ThirdPerson/Blueprints/BP_ThirdPersonCharacter.BP_ThirdPersonCharacter_C NativeClass:/Script/Engine.Character Name:BP_ThirdPersonCharacter_C_UAID_8C04BA9A234916DC01_1961243352 Label:BP_ThirdPersonCharacter2 SpatiallyLoaded:1 Bounds:IsValid=true, Min=(X=-175.000 Y=-35.000 Z=48.224), Max=(X=330.000 Y=125.000 Z=260.000) RuntimeGrid:None EditorOnly:0 RuntimeOnly:0 HLODRelevant:0
 |   |   |- Guid:D905EA264A5988E63AC482A675527080 BaseClass: NativeClass:/Script/Engine.SkyLight Name:SkyLight_1 Label:SkyLight SpatiallyLoaded:0 Bounds:IsValid=true, Min=(X=0.000 Y=0.000 Z=690.000), Max=(X=0.000 Y=0.000 Z=690.000) RuntimeGrid:None EditorOnly:0 RuntimeOnly:0 HLODRelevant:0 FolderPath:Lighting FolderGuid:963EC3EB4002CCE9759E2EBA541A873A
 |   |   |- Guid:DAB6EAC64BFB49010DB14DB7022EC509 BaseClass: NativeClass:/Script/Landscape.Landscape Name:Landscape_UAID_A44CC85A71DBA9EE01_1915305234 Label:Landscape SpatiallyLoaded:0 Bounds:IsValid=true, Min=(X=-1810.000 Y=-2705.000 Z=0.000), Max=(X=-1810.000 Y=-2705.000 Z=0.000) RuntimeGrid:None EditorOnly:0 RuntimeOnly:0 HLODRelevant:0
 |   |   |- Guid:DB097312480A125FAB10469D1143C437 BaseClass: NativeClass:/Script/Engine.StaticMeshActor Name:StaticMeshActor_UAID_A4AE111137DC5EFB00_1110535423 Label:SM_SkySphere SpatiallyLoaded:0 Bounds:IsValid=true, Min=(X=-1638400.000 Y=-1638400.000 Z=-1638400.000), Max=(X=1638400.000 Y=1638400.000 Z=1638400.000) RuntimeGrid:None EditorOnly:0 RuntimeOnly:0 HLODRelevant:1 FolderPath:Lighting FolderGuid:963EC3EB4002CCE9759E2EBA541A873A
 |   |   |- Guid:DB7759B04E2B1A2D96564897718828BC BaseClass: NativeClass:/Script/Engine.SkyAtmosphere Name:SkyAtmosphere_0 Label:SkyAtmosphere SpatiallyLoaded:0 Bounds:IsValid=true, Min=(X=0.000 Y=0.000 Z=1020.000), Max=(X=0.000 Y=0.000 Z=1020.000) RuntimeGrid:None EditorOnly:0 RuntimeOnly:0 HLODRelevant:0 FolderPath:Lighting FolderGuid:963EC3EB4002CCE9759E2EBA541A873A
 |   |   |- Guid:DCDFEB0743D97291E59915862B197A9F BaseClass: NativeClass:/Script/Landscape.LandscapeStreamingProxy Name:LandscapeStreamingProxy_9DO9RB8YPIOTHLKI0D19Y7PTK_14_3_0_0 Label:LandscapeStreamingProxy_3_0_0 SpatiallyLoaded:1 Bounds:IsValid=true, Min=(X=2390.000 Y=-2705.000 Z=-8.000), Max=(X=3790.000 Y=-1305.000 Z=8.000) RuntimeGrid:None EditorOnly:0 RuntimeOnly:0 HLODRelevant:1
 |   |   |- Guid:F29FD309442D15BC0BC955B377C18B33 BaseClass: NativeClass:/Script/Landscape.LandscapeStreamingProxy Name:LandscapeStreamingProxy_9DO9RB8YPIOTHLKI0D19Y7PTK_14_1_1_0 Label:LandscapeStreamingProxy_1_1_0 SpatiallyLoaded:1 Bounds:IsValid=true, Min=(X=-410.000 Y=-1305.000 Z=-8.000), Max=(X=990.000 Y=95.000 Z=8.000) RuntimeGrid:None EditorOnly:0 RuntimeOnly:0 HLODRelevant:1
 |   |   |- Guid:F674335D4E988F1764E4DA996E64C964 BaseClass: NativeClass:/Script/Landscape.LandscapeStreamingProxy Name:LandscapeStreamingProxy_9DO9RB8YPIOTHLKI0D19Y7PTK_14_0_2_0 Label:LandscapeStreamingProxy_0_2_0 SpatiallyLoaded:1 Bounds:IsValid=true, Min=(X=-1810.000 Y=95.000 Z=-8.000), Max=(X=-410.000 Y=1495.000 Z=8.000) RuntimeGrid:None EditorOnly:0 RuntimeOnly:0 HLODRelevant:1
 |   |- [+] Clusters:
 |   |   |- [+] [  0]
 |   |   |   |- Guid:06F12DAB4979501464C2BFBA6651CF54 BaseClass: NativeClass:/Script/Engine.VolumetricCloud Name:VolumetricCloud_0 Label:VolumetricCloud SpatiallyLoaded:0 Bounds:IsValid=true, Min=(X=0.000 Y=0.000 Z=820.000), Max=(X=0.000 Y=0.000 Z=820.000) RuntimeGrid:None EditorOnly:0 RuntimeOnly:0 HLODRelevant:0 FolderPath:Lighting FolderGuid:963EC3EB4002CCE9759E2EBA541A873A
 |   |   |- [+] [  1]
 |   |   |   |- Guid:30F2F37E46B742993159A780CBD1A0E8 BaseClass: NativeClass:/Script/Engine.CameraActor Name:CameraActor_UAID_8C04BA9A234916DC01_2011704355 Label:CameraActor SpatiallyLoaded:1 Bounds:IsValid=true, Min=(X=-1232.898 Y=-21.424 Z=1097.919), Max=(X=-1232.898 Y=-21.424 Z=1097.919) RuntimeGrid:None EditorOnly:0 RuntimeOnly:0 HLODRelevant:0
 |   |   |- [+] [  2]
 |   |   |   |- Guid:A341E1FF4D6D5502DDFBB890C2623EB7 BaseClass: NativeClass:/Script/Engine.TextRenderActor Name:TextRenderActor_1 Label:TextRenderActor SpatiallyLoaded:1 Bounds:IsValid=true, Min=(X=-0.100 Y=1100.000 Z=65.013), Max=(X=-0.100 Y=2392.308 Z=215.013) RuntimeGrid:None EditorOnly:0 RuntimeOnly:0 HLODRelevant:0
 |   |   |- [+] [  3]
 |   |   |   |- Guid:192A883A4ABBF7455A74D8BF0D7AF20A BaseClass:/Game/ThirdPerson/Blueprints/BP_ThirdPersonCharacter.BP_ThirdPersonCharacter_C NativeClass:/Script/Engine.Character Name:BP_ThirdPersonCharacter_C_UAID_8C04BA9A234916DC01_1965204354 Label:BP_ThirdPersonCharacter4 SpatiallyLoaded:1 Bounds:IsValid=true, Min=(X=-175.000 Y=165.000 Z=48.224), Max=(X=330.000 Y=325.000 Z=260.000) RuntimeGrid:None EditorOnly:0 RuntimeOnly:0 HLODRelevant:0
 |   |   |- [+] [  4]
 |   |   |   |- Guid:4C1A43FE4BA8C6A1E94E44921435D70F BaseClass: NativeClass:/Script/Landscape.LandscapeStreamingProxy Name:LandscapeStreamingProxy_9DO9RB8YPIOTHLKI0D19Y7PTK_14_2_1_0 Label:LandscapeStreamingProxy_2_1_0 SpatiallyLoaded:1 Bounds:IsValid=true, Min=(X=990.000 Y=-1305.000 Z=-8.000), Max=(X=2390.000 Y=95.000 Z=8.000) RuntimeGrid:None EditorOnly:0 RuntimeOnly:0 HLODRelevant:1
 |   |   |- [+] [  5]
 |   |   |   |- Guid:D17EF409415B074D4B9FBE994A05A89E BaseClass:/Game/ThirdPerson/Blueprints/BP_ThirdPersonCharacter.BP_ThirdPersonCharacter_C NativeClass:/Script/Engine.Character Name:BP_ThirdPersonCharacter_C_UAID_8C04BA9A234916DC01_1961243352 Label:BP_ThirdPersonCharacter2 SpatiallyLoaded:1 Bounds:IsValid=true, Min=(X=-175.000 Y=-35.000 Z=48.224), Max=(X=330.000 Y=125.000 Z=260.000) RuntimeGrid:None EditorOnly:0 RuntimeOnly:0 HLODRelevant:0
 |   |   |- [+] [  6]
 |   |   |   |- Guid:5EE1F3EC46C6424BCBF3EA92D78230C6 BaseClass: NativeClass:/Script/Landscape.LandscapeStreamingProxy Name:LandscapeStreamingProxy_9DO9RB8YPIOTHLKI0D19Y7PTK_14_3_1_0 Label:LandscapeStreamingProxy_3_1_0 SpatiallyLoaded:1 Bounds:IsValid=true, Min=(X=2390.000 Y=-1305.000 Z=-8.000), Max=(X=3790.000 Y=95.000 Z=8.000) RuntimeGrid:None EditorOnly:0 RuntimeOnly:0 HLODRelevant:1
 |   |   |- [+] [  7]
 |   |   |   |- Guid:9B65FAF048ADD68B5F7867BB0D2FC907 BaseClass: NativeClass:/Script/Landscape.LandscapeStreamingProxy Name:LandscapeStreamingProxy_9DO9RB8YPIOTHLKI0D19Y7PTK_14_1_2_0 Label:LandscapeStreamingProxy_1_2_0 SpatiallyLoaded:1 Bounds:IsValid=true, Min=(X=-410.000 Y=95.000 Z=-8.000), Max=(X=990.000 Y=1495.000 Z=8.000) RuntimeGrid:None EditorOnly:0 RuntimeOnly:0 HLODRelevant:1
 |   |   |- [+] [  8]
 |   |   |   |- Guid:4B3A2D494818ED7A416BA1A8B06873E7 BaseClass:/Game/LevelPrototyping/BP_SceneTransition.BP_SceneTransition_C NativeClass:/Script/Engine.Actor Name:BP_SceneTransition_C_UAID_A44CC85A71DBF6EE01_1130469783 Label:BP_SceneTransition SpatiallyLoaded:1 Bounds:IsValid=true, Min=(X=-1120.000 Y=-1252.000 Z=-1152.000), Max=(X=1120.000 Y=1052.000 Z=1152.000) RuntimeGrid:None EditorOnly:0 RuntimeOnly:0 HLODRelevant:0
 |   |   |- [+] [  9]
 |   |   |   |- Guid:0300CE164C76EC38B4B85D83A7924612 BaseClass: NativeClass:/Script/Engine.DirectionalLight Name:DirectionalLight_0 Label:DirectionalLight SpatiallyLoaded:0 Bounds:IsValid=true, Min=(X=-4398046511104.000 Y=-4398046511104.000 Z=-4398046511104.000), Max=(X=4398046511104.000 Y=4398046511104.000 Z=4398046511104.000) RuntimeGrid:None EditorOnly:0 RuntimeOnly:0 HLODRelevant:0 FolderPath:Lighting FolderGuid:963EC3EB4002CCE9759E2EBA541A873A
 |   |   |- [+] [ 10]
 |   |   |   |- Guid:2E133F0945D408B12D4013AAC1271341 BaseClass: NativeClass:/Script/Landscape.LandscapeStreamingProxy Name:LandscapeStreamingProxy_9DO9RB8YPIOTHLKI0D19Y7PTK_14_0_0_0 Label:LandscapeStreamingProxy_0_0_0 SpatiallyLoaded:1 Bounds:IsValid=true, Min=(X=-1810.000 Y=-2705.000 Z=-8.000), Max=(X=-410.000 Y=-1305.000 Z=8.000) RuntimeGrid:None EditorOnly:0 RuntimeOnly:0 HLODRelevant:1
 |   |   |- [+] [ 11]
 |   |   |   |- Guid:08FA3C604C8190335CEEB48358D0DF9F BaseClass: NativeClass:/Script/Landscape.LandscapeStreamingProxy Name:LandscapeStreamingProxy_9DO9RB8YPIOTHLKI0D19Y7PTK_14_0_3_0 Label:LandscapeStreamingProxy_0_3_0 SpatiallyLoaded:1 Bounds:IsValid=true, Min=(X=-1810.000 Y=1495.000 Z=-8.000), Max=(X=-410.000 Y=2895.000 Z=8.000) RuntimeGrid:None EditorOnly:0 RuntimeOnly:0 HLODRelevant:1
 |   |   |- [+] [ 12]
 |   |   |   |- Guid:8F5A7C6E44148713BB4970A4CAA3C6B5 BaseClass:/Game/ThirdPerson/Blueprints/BP_ThirdPersonCharacter.BP_ThirdPersonCharacter_C NativeClass:/Script/Engine.Character Name:BP_ThirdPersonCharacter_C_UAID_8C04BA9A234916DC01_1956363351 Label:BP_ThirdPersonCharacter SpatiallyLoaded:1 Bounds:IsValid=true, Min=(X=-175.000 Y=-155.000 Z=49.034), Max=(X=330.000 Y=5.000 Z=260.000) RuntimeGrid:None EditorOnly:0 RuntimeOnly:0 HLODRelevant:0
 |   |   |- [+] [ 13]
 |   |   |   |- Guid:DAB6EAC64BFB49010DB14DB7022EC509 BaseClass: NativeClass:/Script/Landscape.Landscape Name:Landscape_UAID_A44CC85A71DBA9EE01_1915305234 Label:Landscape SpatiallyLoaded:0 Bounds:IsValid=true, Min=(X=-1810.000 Y=-2705.000 Z=0.000), Max=(X=-1810.000 Y=-2705.000 Z=0.000) RuntimeGrid:None EditorOnly:0 RuntimeOnly:0 HLODRelevant:0
 |   |   |- [+] [ 14]
 |   |   |   |- Guid:6C237D2E44F89E2B54CCAEB26919C29F BaseClass: NativeClass:/Script/Engine.WorldDataLayers Name:WorldDataLayers Label:WorldDataLayers SpatiallyLoaded:0 Bounds:IsValid=true, Min=(X=0.000 Y=0.000 Z=0.000), Max=(X=0.000 Y=0.000 Z=0.000) RuntimeGrid:None EditorOnly:0 RuntimeOnly:0 HLODRelevant:0
 |   |   |- [+] [ 15]
 |   |   |   |- Guid:06A933F24FCE192912D2BC9371754586 BaseClass: NativeClass:/Script/Landscape.LandscapeStreamingProxy Name:LandscapeStreamingProxy_9DO9RB8YPIOTHLKI0D19Y7PTK_14_2_3_0 Label:LandscapeStreamingProxy_2_3_0 SpatiallyLoaded:1 Bounds:IsValid=true, Min=(X=990.000 Y=1495.000 Z=-8.000), Max=(X=2390.000 Y=2895.000 Z=8.000) RuntimeGrid:None EditorOnly:0 RuntimeOnly:0 HLODRelevant:1
 |   |   |- [+] [ 16]
 |   |   |   |- Guid:AC675ADC46678FB88A63E18919C041F8 BaseClass: NativeClass:/Script/Landscape.LandscapeStreamingProxy Name:LandscapeStreamingProxy_9DO9RB8YPIOTHLKI0D19Y7PTK_14_2_0_0 Label:LandscapeStreamingProxy_2_0_0 SpatiallyLoaded:1 Bounds:IsValid=true, Min=(X=990.000 Y=-2705.000 Z=-8.000), Max=(X=2390.000 Y=-1305.000 Z=8.000) RuntimeGrid:None EditorOnly:0 RuntimeOnly:0 HLODRelevant:1
 |   |   |- [+] [ 17]
 |   |   |   |- Guid:BEFE230B44BF514AB078BD849FBCF35D BaseClass: NativeClass:/Script/Landscape.LandscapeStreamingProxy Name:LandscapeStreamingProxy_9DO9RB8YPIOTHLKI0D19Y7PTK_14_3_2_0 Label:LandscapeStreamingProxy_3_2_0 SpatiallyLoaded:1 Bounds:IsValid=true, Min=(X=2390.000 Y=95.000 Z=-8.000), Max=(X=3790.000 Y=1495.000 Z=8.000) RuntimeGrid:None EditorOnly:0 RuntimeOnly:0 HLODRelevant:1
 |   |   |- [+] [ 18]
 |   |   |   |- Guid:B666967F439EDEC44FFC28A8FAD1D2CF BaseClass:/Game/Horse/NewBlueprint.NewBlueprint_C NativeClass:/Script/Engine.Character Name:NewBlueprint_C_UAID_08BFB82D531D62EE01_1615381737 Label:NewBlueprint2 SpatiallyLoaded:1 Bounds:IsValid=true, Min=(X=56.000 Y=140.000 Z=45.458), Max=(X=151.290 Y=250.000 Z=332.000) RuntimeGrid:None EditorOnly:0 RuntimeOnly:0 HLODRelevant:0
 |   |   |- [+] [ 19]
 |   |   |   |- Guid:F29FD309442D15BC0BC955B377C18B33 BaseClass: NativeClass:/Script/Landscape.LandscapeStreamingProxy Name:LandscapeStreamingProxy_9DO9RB8YPIOTHLKI0D19Y7PTK_14_1_1_0 Label:LandscapeStreamingProxy_1_1_0 SpatiallyLoaded:1 Bounds:IsValid=true, Min=(X=-410.000 Y=-1305.000 Z=-8.000), Max=(X=990.000 Y=95.000 Z=8.000) RuntimeGrid:None EditorOnly:0 RuntimeOnly:0 HLODRelevant:1
 |   |   |- [+] [ 20]
 |   |   |   |- Guid:D905EA264A5988E63AC482A675527080 BaseClass: NativeClass:/Script/Engine.SkyLight Name:SkyLight_1 Label:SkyLight SpatiallyLoaded:0 Bounds:IsValid=true, Min=(X=0.000 Y=0.000 Z=690.000), Max=(X=0.000 Y=0.000 Z=690.000) RuntimeGrid:None EditorOnly:0 RuntimeOnly:0 HLODRelevant:0 FolderPath:Lighting FolderGuid:963EC3EB4002CCE9759E2EBA541A873A
 |   |   |- [+] [ 21]
 |   |   |   |- Guid:4511128546A7B628147B7AB1FD93BEED BaseClass: NativeClass:/Script/Landscape.LandscapeStreamingProxy Name:LandscapeStreamingProxy_9DO9RB8YPIOTHLKI0D19Y7PTK_14_1_3_0 Label:LandscapeStreamingProxy_1_3_0 SpatiallyLoaded:1 Bounds:IsValid=true, Min=(X=-410.000 Y=1495.000 Z=-8.000), Max=(X=990.000 Y=2895.000 Z=8.000) RuntimeGrid:None EditorOnly:0 RuntimeOnly:0 HLODRelevant:1
 |   |   |- [+] [ 22]
 |   |   |   |- Guid:DB097312480A125FAB10469D1143C437 BaseClass: NativeClass:/Script/Engine.StaticMeshActor Name:StaticMeshActor_UAID_A4AE111137DC5EFB00_1110535423 Label:SM_SkySphere SpatiallyLoaded:0 Bounds:IsValid=true, Min=(X=-1638400.000 Y=-1638400.000 Z=-1638400.000), Max=(X=1638400.000 Y=1638400.000 Z=1638400.000) RuntimeGrid:None EditorOnly:0 RuntimeOnly:0 HLODRelevant:1 FolderPath:Lighting FolderGuid:963EC3EB4002CCE9759E2EBA541A873A
 |   |   |- [+] [ 23]
 |   |   |   |- Guid:C131BE54451F6DDF3145C3BE8A10800E BaseClass: NativeClass:/Script/Landscape.LandscapeStreamingProxy Name:LandscapeStreamingProxy_9DO9RB8YPIOTHLKI0D19Y7PTK_14_3_3_0 Label:LandscapeStreamingProxy_3_3_0 SpatiallyLoaded:1 Bounds:IsValid=true, Min=(X=2390.000 Y=1495.000 Z=-8.000), Max=(X=3790.000 Y=2895.000 Z=8.000) RuntimeGrid:None EditorOnly:0 RuntimeOnly:0 HLODRelevant:1
 |   |   |- [+] [ 24]
 |   |   |   |- Guid:F674335D4E988F1764E4DA996E64C964 BaseClass: NativeClass:/Script/Landscape.LandscapeStreamingProxy Name:LandscapeStreamingProxy_9DO9RB8YPIOTHLKI0D19Y7PTK_14_0_2_0 Label:LandscapeStreamingProxy_0_2_0 SpatiallyLoaded:1 Bounds:IsValid=true, Min=(X=-1810.000 Y=95.000 Z=-8.000), Max=(X=-410.000 Y=1495.000 Z=8.000) RuntimeGrid:None EditorOnly:0 RuntimeOnly:0 HLODRelevant:1
 |   |   |- [+] [ 25]
 |   |   |   |- Guid:2E43F9D34F5DD9FA697DF58B26743014 BaseClass: NativeClass:/Script/Landscape.LandscapeStreamingProxy Name:LandscapeStreamingProxy_9DO9RB8YPIOTHLKI0D19Y7PTK_14_0_1_0 Label:LandscapeStreamingProxy_0_1_0 SpatiallyLoaded:1 Bounds:IsValid=true, Min=(X=-1810.000 Y=-1305.000 Z=-8.000), Max=(X=-410.000 Y=95.000 Z=8.000) RuntimeGrid:None EditorOnly:0 RuntimeOnly:0 HLODRelevant:1
 |   |   |- [+] [ 26]
 |   |   |   |- Guid:DB7759B04E2B1A2D96564897718828BC BaseClass: NativeClass:/Script/Engine.SkyAtmosphere Name:SkyAtmosphere_0 Label:SkyAtmosphere SpatiallyLoaded:0 Bounds:IsValid=true, Min=(X=0.000 Y=0.000 Z=1020.000), Max=(X=0.000 Y=0.000 Z=1020.000) RuntimeGrid:None EditorOnly:0 RuntimeOnly:0 HLODRelevant:0 FolderPath:Lighting FolderGuid:963EC3EB4002CCE9759E2EBA541A873A
 |   |   |- [+] [ 27]
 |   |   |   |- Guid:5C72C8914D09F95A4BAF1A83898E1838 BaseClass:/Game/Horse/NewBlueprint.NewBlueprint_C NativeClass:/Script/Engine.Character Name:NewBlueprint_C_UAID_08BFB82D531D62EE01_1245764736 Label:NewBlueprint SpatiallyLoaded:1 Bounds:IsValid=true, Min=(X=1.000 Y=-10.000 Z=130.458), Max=(X=96.290 Y=100.000 Z=414.000) RuntimeGrid:None EditorOnly:0 RuntimeOnly:0 HLODRelevant:0
 |   |   |- [+] [ 28]
 |   |   |   |- Guid:127187B247E101FA46E571B1A5656C63 BaseClass: NativeClass:/Script/Landscape.LandscapeStreamingProxy Name:LandscapeStreamingProxy_9DO9RB8YPIOTHLKI0D19Y7PTK_14_2_2_0 Label:LandscapeStreamingProxy_2_2_0 SpatiallyLoaded:1 Bounds:IsValid=true, Min=(X=990.000 Y=95.000 Z=-8.000), Max=(X=2390.000 Y=1495.000 Z=8.000) RuntimeGrid:None EditorOnly:0 RuntimeOnly:0 HLODRelevant:1
 |   |   |- [+] [ 29]
 |   |   |   |- Guid:6DFD5A0D4D8F3B89BE0494AB9F146ABA BaseClass:/Game/ThirdPerson/Blueprints/BP_ThirdPersonCharacter.BP_ThirdPersonCharacter_C NativeClass:/Script/Engine.Character Name:BP_ThirdPersonCharacter_C_UAID_8C04BA9A234916DC01_1962718353 Label:BP_ThirdPersonCharacter3 SpatiallyLoaded:1 Bounds:IsValid=true, Min=(X=-175.000 Y=65.000 Z=48.224), Max=(X=330.000 Y=225.000 Z=260.000) RuntimeGrid:None EditorOnly:0 RuntimeOnly:0 HLODRelevant:0
 |   |   |- [+] [ 30]
 |   |   |   |- Guid:DCDFEB0743D97291E59915862B197A9F BaseClass: NativeClass:/Script/Landscape.LandscapeStreamingProxy Name:LandscapeStreamingProxy_9DO9RB8YPIOTHLKI0D19Y7PTK_14_3_0_0 Label:LandscapeStreamingProxy_3_0_0 SpatiallyLoaded:1 Bounds:IsValid=true, Min=(X=2390.000 Y=-2705.000 Z=-8.000), Max=(X=3790.000 Y=-1305.000 Z=8.000) RuntimeGrid:None EditorOnly:0 RuntimeOnly:0 HLODRelevant:1
 |   |   |- [+] [ 31]
 |   |   |   |- Guid:4DFC1D5A47E5EAA71F1F09AE61077A8E BaseClass: NativeClass:/Script/Landscape.LandscapeStreamingProxy Name:LandscapeStreamingProxy_9DO9RB8YPIOTHLKI0D19Y7PTK_14_1_0_0 Label:LandscapeStreamingProxy_1_0_0 SpatiallyLoaded:1 Bounds:IsValid=true, Min=(X=-410.000 Y=-2705.000 Z=-8.000), Max=(X=990.000 Y=-1305.000 Z=8.000) RuntimeGrid:None EditorOnly:0 RuntimeOnly:0 HLODRelevant:1
 |   |   |- [+] [ 32]
 |   |   |   |- Guid:9682D7C840AECD404C08479AE83024B7 BaseClass: NativeClass:/Script/Engine.PostProcessVolume Name:PostProcessVolume_0 Label:PostProcessVolume SpatiallyLoaded:0 Bounds:IsValid=true, Min=(X=0.000 Y=0.000 Z=400.000), Max=(X=200.000 Y=200.000 Z=600.000) RuntimeGrid:None EditorOnly:0 RuntimeOnly:0 HLODRelevant:0 FolderPath:Lighting FolderGuid:963EC3EB4002CCE9759E2EBA541A873A
 |   |   |- [+] [ 33]
 |   |   |   |- Guid:6627AA8E457AA28C56CC10A0326B30D0 BaseClass: NativeClass:/Script/Engine.ExponentialHeightFog Name:ExponentialHeightFog_0 Label:ExponentialHeightFog SpatiallyLoaded:0 Bounds:IsValid=true, Min=(X=-5600.000 Y=-50.000 Z=-6850.000), Max=(X=-5600.000 Y=-50.000 Z=-6850.000) RuntimeGrid:None EditorOnly:0 RuntimeOnly:0 HLODRelevant:0 FolderPath:Lighting FolderGuid:963EC3EB4002CCE9759E2EBA541A873A
 |   |   |- [+] [ 34]
 |   |   |   |- Guid:0F2FFD4B40A639F4DF9E01B4F393B4AB BaseClass:/Game/LevelPrototyping/BP_Gem1.BP_Gem1_C NativeClass:/Script/Engine.Actor Name:BP_Gem1_C_UAID_A44CC85A71DBB3EF01_1426044243 Label:BP_Gem1 SpatiallyLoaded:1 Bounds:IsValid=true, Min=(X=-142.674 Y=-411.981 Z=102.968), Max=(X=-7.326 Y=-258.019 Z=207.032) RuntimeGrid:None EditorOnly:0 RuntimeOnly:0 HLODRelevant:0
 |- ContainerInstances:
 |- [+] MainContainer:
 |   |-        ID: 0x0000000000000000
 |   |-    Bounds: IsValid=false, Min=(X=0.000 Y=0.000 Z=0.000), Max=(X=0.000 Y=0.000 Z=0.000)
 |   |- Transform: 0.000000,0.000000,0.000000|0.000000,0.000000,-0.000000|1.000000,1.000000,1.000000
 |   |- Container: /Game/LevelPrototyping/SceneTransition
----------------------------------------------------------------------------------------------------------------
SceneTransition - Persistent Level
----------------------------------------------------------------------------------------------------------------
Always loaded Actor Count: 47 

----------------------------------------------------------------------------------------------------------------
SceneTransition - Runtime Spatial Hash - Streaming Grid - MainGrid
----------------------------------------------------------------------------------------------------------------
            Origin: X=0.000 Y=0.000 Z=0.000
         Cell Size: 12800
      World Bounds: IsValid=false, Min=(X=0.000 Y=0.000 Z=0.000), Max=(X=0.000 Y=0.000 Z=0.000)
     Loading Range: 25600.00
Block Slow Loading: No
 ClientOnlyVisible: No

[+] Grid Levels: 1
 |- Level  0: Cell Count    0 | Cell Size   12800 | Actor Count    0 (0.0%)

[+] Content of Grid Level 0

